<?xml version="1.0" encoding="UTF-8"?>
<testng-results ignored="0" total="1" passed="1" failed="0" skipped="0">
  <reporter-output>
  </reporter-output>
  <suite started-at="2025-05-11T11:05:43 IST" name="Default suite" finished-at="2025-05-11T11:05:49 IST" duration-ms="6125">
    <groups>
    </groups>
    <test started-at="2025-05-11T11:05:43 IST" name="Default test" finished-at="2025-05-11T11:05:49 IST" duration-ms="6125">
      <class name="tutorialsninja.register.TC_RF_006">
        <test-method signature="verifyRegisteringAccountWithnotoNwesletter()[pri:0, instance:tutorialsninja.register.TC_RF_006@1ed4ae0f]" started-at="2025-05-11T11:05:43 IST" name="verifyRegisteringAccountWithnotoNwesletter" finished-at="2025-05-11T11:05:49 IST" duration-ms="6067" status="PASS">
          <reporter-output>
          </reporter-output>
        </test-method> <!-- verifyRegisteringAccountWithnotoNwesletter -->
      </class> <!-- tutorialsninja.register.TC_RF_006 -->
    </test> <!-- Default test -->
  </suite> <!-- Default suite -->
</testng-results>
